

 SAP2000 v14.2.2 Advanced (Analysis Build 8851/32)
 File: D:\LVTN\SAP\SAP LVTN.LOG




 B E G I N   A N A L Y S I S                                2020/07/20  14:36:34


 RUNNING ANALYSIS WITHIN THE GUI PROCESS
 USING THE ADVANCED SOLVER (PROVIDES LIMITED INSTABILITY INFORMATION)


 E L E M E N T   F O R M A T I O N                                      14:36:34



 L I N E A R   E Q U A T I O N   S O L U T I O N                        14:36:34

 FORMING STIFFNESS AT ZERO (UNSTRESSED) INITIAL CONDITIONS

 TOTAL NUMBER OF EQUILIBRIUM EQUATIONS     =        1044
 NUMBER OF NON-ZERO STIFFNESS TERMS        =       23058

 NUMBER OF EIGENVALUES BELOW SHIFT         =           0


 L I N E A R   S T A T I C   C A S E S                                  14:36:34

 USING STIFFNESS AT ZERO (UNSTRESSED) INITIAL CONDITIONS

 TOTAL NUMBER OF CASES TO SOLVE            =          12
 NUMBER OF CASES TO SOLVE PER BLOCK        =          12

 LINEAR STATIC CASES TO BE SOLVED:

 CASE: DEAD
 CASE: HT
 CASE: TTBT
 CASE: TT
 CASE: HT2
 CASE: HT3
 CASE: HT4
 CASE: HT5
 CASE: GX
 CASE: GXX
 CASE: GY
 CASE: GYY


 A N A L Y S I S   C O M P L E T E                          2020/07/20  14:36:34
